<?xml version="1.0" encoding="utf-8"?><testsuites name="pytest tests"><testsuite name="pytest" errors="0" failures="0" skipped="0" tests="23" time="6.850" timestamp="2026-05-03T07:15:14.285496+00:00" hostname="agent-env-14405224-e688-46e2-b7f5-e92e1e2db364"><testcase classname="backend.tests.test_iteration10_event_hub_and_razorpay.TestSmoke" name="test_events_list" time="0.124" /><testcase classname="backend.tests.test_iteration10_event_hub_and_razorpay.TestSmoke" name="test_content" time="0.047" /><testcase classname="backend.tests.test_iteration10_event_hub_and_razorpay.TestSmoke" name="test_admin_login" time="0.270" /><testcase classname="backend.tests.test_iteration10_event_hub_and_razorpay.TestMaterialsGating" name="test_no_reg_id_returns_401" time="0.047" /><testcase classname="backend.tests.test_iteration10_event_hub_and_razorpay.TestMaterialsGating" name="test_invalid_reg_id_returns_404" time="0.043" /><testcase classname="backend.tests.test_iteration10_event_hub_and_razorpay.TestMaterialsGating" name="test_unpaid_reg_returns_402" time="1.270" /><testcase classname="backend.tests.test_iteration10_event_hub_and_razorpay.TestMaterialsGating" name="test_paid_reg_returns_200_with_materials" time="0.048" /><testcase classname="backend.tests.test_iteration10_event_hub_and_razorpay.TestMaterialsGating" name="test_admin_can_read_without_reg" time="0.044" /><testcase classname="backend.tests.test_iteration10_event_hub_and_razorpay.TestMaterialsAdminWrite" name="test_put_requires_admin" time="0.044" /><testcase classname="backend.tests.test_iteration10_event_hub_and_razorpay.TestMaterialsAdminWrite" name="test_put_accepts_and_persists" time="0.197" /><testcase classname="backend.tests.test_iteration10_event_hub_and_razorpay.TestEventFiles" name="test_upload_requires_admin" time="0.047" /><testcase classname="backend.tests.test_iteration10_event_hub_and_razorpay.TestEventFiles" name="test_upload_and_gated_download" time="0.711" /><testcase classname="backend.tests.test_iteration10_event_hub_and_razorpay.TestSubmissions" name="test_submit_requires_paid" time="0.042" /><testcase classname="backend.tests.test_iteration10_event_hub_and_razorpay.TestSubmissions" name="test_create_or_update" time="0.840" /><testcase classname="backend.tests.test_iteration10_event_hub_and_razorpay.TestSubmissions" name="test_mine_returns_own" time="0.047" /><testcase classname="backend.tests.test_iteration10_event_hub_and_razorpay.TestSubmissions" name="test_submission_file_upload_gated" time="0.260" /><testcase classname="backend.tests.test_iteration10_event_hub_and_razorpay.TestAdminSubmissions" name="test_list_requires_admin" time="0.047" /><testcase classname="backend.tests.test_iteration10_event_hub_and_razorpay.TestAdminSubmissions" name="test_list_ok" time="0.044" /><testcase classname="backend.tests.test_iteration10_event_hub_and_razorpay.TestAdminSubmissions" name="test_csv_export" time="0.051" /><testcase classname="backend.tests.test_iteration10_event_hub_and_razorpay.TestAdminSubmissions" name="test_csv_export_requires_admin" time="0.043" /><testcase classname="backend.tests.test_iteration10_event_hub_and_razorpay.TestRazorpayGuards" name="test_create_order_without_keys_returns_503" time="1.251" /><testcase classname="backend.tests.test_iteration10_event_hub_and_razorpay.TestRazorpayGuards" name="test_verify_without_keys_returns_503" time="0.042" /><testcase classname="backend.tests.test_iteration10_event_hub_and_razorpay.TestPublicBaseUrl" name="test_registration_payment_link_uses_public_base_url" time="1.215" /></testsuite></testsuites>