<?xml version="1.0" encoding="utf-8"?><testsuites name="pytest tests"><testsuite name="pytest" errors="0" failures="0" skipped="0" tests="13" time="7.722" timestamp="2026-05-02T18:32:15.470748+00:00" hostname="agent-env-14405224-e688-46e2-b7f5-e92e1e2db364"><testcase classname="backend.tests.test_iteration9_pages_and_extras.TestPagesCMS" name="test_public_list_pages" time="0.265" /><testcase classname="backend.tests.test_iteration9_pages_and_extras.TestPagesCMS" name="test_admin_list_pages_requires_auth" time="0.112" /><testcase classname="backend.tests.test_iteration9_pages_and_extras.TestPagesCMS" name="test_admin_list_pages_with_auth" time="0.469" /><testcase classname="backend.tests.test_iteration9_pages_and_extras.TestPagesCMS" name="test_create_page_without_auth_forbidden" time="0.111" /><testcase classname="backend.tests.test_iteration9_pages_and_extras.TestPagesCMS" name="test_get_page_by_slug_404" time="0.128" /><testcase classname="backend.tests.test_iteration9_pages_and_extras.TestPagesCMS" name="test_create_update_get_delete_page" time="1.639" /><testcase classname="backend.tests.test_iteration9_pages_and_extras.TestPagesCMS" name="test_create_page_empty_slug_rejected" time="0.123" /><testcase classname="backend.tests.test_iteration9_pages_and_extras.TestExtraFieldNewTypes" name="test_create_event_with_all_field_types" time="1.872" /><testcase classname="backend.tests.test_iteration9_pages_and_extras.TestExtraFieldNewTypes" name="test_invalid_field_type_rejected" time="0.115" /><testcase classname="backend.tests.test_iteration9_pages_and_extras.TestMemberScopeExtras" name="test_team_event_with_member_scope_extras" time="2.228" /><testcase classname="backend.tests.test_iteration9_pages_and_extras.TestSpotCheckExisting" name="test_get_events_still_works" time="0.103" /><testcase classname="backend.tests.test_iteration9_pages_and_extras.TestSpotCheckExisting" name="test_get_content_still_works" time="0.141" /><testcase classname="backend.tests.test_iteration9_pages_and_extras.TestSpotCheckExisting" name="test_admin_login_still_works" time="0.340" /></testsuite></testsuites>