<?xml version="1.0" encoding="utf-8"?><testsuites name="pytest tests"><testsuite name="pytest" errors="0" failures="0" skipped="0" tests="50" time="25.049" timestamp="2026-05-02T18:12:14.131199+00:00" hostname="agent-env-14405224-e688-46e2-b7f5-e92e1e2db364"><testcase classname="backend.tests.backend_test.TestHealth" name="test_root" time="0.299" /><testcase classname="backend.tests.backend_test.TestAuth" name="test_admin_login" time="0.398" /><testcase classname="backend.tests.backend_test.TestAuth" name="test_login_bad" time="0.410" /><testcase classname="backend.tests.backend_test.TestContent" name="test_get_content" time="0.108" /><testcase classname="backend.tests.backend_test.TestContent" name="test_no_scale_plus_keys" time="0.156" /><testcase classname="backend.tests.backend_test.TestEvents" name="test_list_events" time="0.138" /><testcase classname="backend.tests.backend_test.TestEvents" name="test_get_event_by_id" time="0.108" /><testcase classname="backend.tests.backend_test.TestEvents" name="test_get_event_404" time="0.111" /><testcase classname="backend.tests.backend_test.TestRegistrations" name="test_create_registration" time="1.551" /><testcase classname="backend.tests.backend_test.TestRegistrations" name="test_register_invalid_event" time="0.137" /><testcase classname="backend.tests.backend_test.TestRegistrations" name="test_get_registration_404" time="0.158" /><testcase classname="backend.tests.backend_test.TestRegistrations" name="test_admin_registrations_requires_admin" time="0.486" /><testcase classname="backend.tests.backend_test.TestRegistrations" name="test_admin_registrations_list" time="1.829" /><testcase classname="backend.tests.backend_test.TestEventScholarship" name="test_submit" time="0.920" /><testcase classname="backend.tests.backend_test.TestEventScholarship" name="test_submit_invalid_event" time="0.108" /><testcase classname="backend.tests.backend_test.TestPayments" name="test_create_session_invalid_reg" time="0.099" /><testcase classname="backend.tests.backend_test.TestPayments" name="test_create_session_and_status" time="2.549" /><testcase classname="backend.tests.backend_test.TestAdminSubmissions" name="test_submissions_requires_admin" time="0.097" /><testcase classname="backend.tests.backend_test.TestAdminSubmissions" name="test_submissions_list_admin" time="0.606" /><testcase classname="backend.tests.backend_test.TestContact" name="test_contact" time="0.612" /><testcase classname="backend.tests.backend_test.TestUploadAndAdminDownload" name="test_upload_pdf_success" time="1.502" /><testcase classname="backend.tests.backend_test.TestUploadAndAdminDownload" name="test_upload_rejects_unsupported_extensions" time="0.217" /><testcase classname="backend.tests.backend_test.TestUploadAndAdminDownload" name="test_upload_rejects_oversized" time="0.479" /><testcase classname="backend.tests.backend_test.TestUploadAndAdminDownload" name="test_admin_download_unauth" time="0.116" /><testcase classname="backend.tests.backend_test.TestUploadAndAdminDownload" name="test_admin_download_non_admin_forbidden" time="0.102" /><testcase classname="backend.tests.backend_test.TestUploadAndAdminDownload" name="test_admin_download_404" time="0.105" /><testcase classname="backend.tests.backend_test.TestContentPersistence" name="test_admin_put_then_unauth_get" time="0.422" /><testcase classname="backend.tests.backend_test.TestIteration5NewContentFields" name="test_get_content_has_new_keys" time="0.102" /><testcase classname="backend.tests.backend_test.TestIteration5NewContentFields" name="test_put_new_fields_persists" time="0.415" /><testcase classname="backend.tests.backend_test.TestIteration5MockStockIndividual" name="test_mock_stock_about_says_individual_via_list" time="0.105" /><testcase classname="backend.tests.backend_test.TestIteration5MockStockIndividual" name="test_mock_stock_about_says_individual_via_detail" time="0.222" /><testcase classname="backend.tests.backend_test.TestIteration6EventFormConfig" name="test_mock_stock_individual_config" time="0.103" /><testcase classname="backend.tests.backend_test.TestIteration6EventFormConfig" name="test_situational_team_config" time="0.109" /><testcase classname="backend.tests.backend_test.TestIteration6IndividualValidation" name="test_missing_required_extra_returns_400" time="0.230" /><testcase classname="backend.tests.backend_test.TestIteration6IndividualValidation" name="test_with_extra_succeeds" time="1.611" /><testcase classname="backend.tests.backend_test.TestIteration6TeamValidation" name="test_missing_team_name" time="0.214" /><testcase classname="backend.tests.backend_test.TestIteration6TeamValidation" name="test_team_below_min_size" time="0.244" /><testcase classname="backend.tests.backend_test.TestIteration6TeamValidation" name="test_team_member_missing_fields" time="0.218" /><testcase classname="backend.tests.backend_test.TestIteration6TeamValidation" name="test_valid_team_succeeds" time="2.492" /><testcase classname="backend.tests.backend_test.TestIteration6AdminEditEvent" name="test_admin_can_edit_form_config_and_persist" time="0.483" /><testcase classname="backend.tests.backend_test.TestIteration6AdminEditEvent" name="test_admin_create_team_event_with_extra" time="0.353" /><testcase classname="backend.tests.backend_test.TestIteration7PutEventValidation" name="test_put_rejects_bogus_registration_mode" time="0.313" /><testcase classname="backend.tests.backend_test.TestIteration7PutEventValidation" name="test_put_rejects_invalid_extra_field_type" time="0.310" /><testcase classname="backend.tests.backend_test.TestIteration7PutEventValidation" name="test_put_accepts_valid_extra_field" time="0.448" /><testcase classname="backend.tests.backend_test.TestIteration7PutEventValidation" name="test_put_rejects_team_size_min_gt_max" time="0.345" /><testcase classname="backend.tests.backend_test.TestIteration7PutEventValidation" name="test_put_rejects_non_integer_team_size_min" time="0.230" /><testcase classname="backend.tests.backend_test.TestIteration7PutEventValidation" name="test_post_event_with_invalid_extra_field_type_rejected_by_pydantic" time="0.104" /><testcase classname="backend.tests.backend_test.TestIteration8RegistrationOpenGate" name="test_event_has_registration_open_default_true" time="0.102" /><testcase classname="backend.tests.backend_test.TestIteration8RegistrationOpenGate" name="test_put_can_toggle_registration_open_and_message" time="0.410" /><testcase classname="backend.tests.backend_test.TestIteration8RegistrationOpenGate" name="test_post_registration_blocked_when_closed_then_allowed_when_open" time="1.901" /></testsuite></testsuites>